make all --print-data-base --no-builtin-variables --no-builtin-rules --question
# GNU Make 3.81
# Copyright (C) 2006  Free Software Foundation, Inc.
# This is free software; see the source for copying conditions.
# There is NO warranty; not even for MERCHANTABILITY or FITNESS FOR A
# PARTICULAR PURPOSE.

# This program built for i386-apple-darwin11.3.0

# Make data base, printed on Mon Oct 10 11:17:25 2022

# Variables

# automatic
<D = $(patsubst %/,%,$(dir $<))
# automatic
?F = $(notdir $?)
# makefile (from `Makefile', line 58)
SRCS_BONUS = $(addprefix $(SRCS_PATH_BONUS)/,$(SRCS_NAME_BONUS))
# automatic
?D = $(patsubst %/,%,$(dir $?))
# automatic
@D = $(patsubst %/,%,$(dir $@))
# automatic
@F = $(notdir $@)
# makefile
CURDIR := /Users/srapopor/libft/libft
# makefile
SHELL = /bin/sh
# environment
VSCODE_NLS_CONFIG = {"locale":"en-us","availableLanguages":{},"_languagePackSupport":true}
# environment
_ = /usr/bin/make
# environment
WALLABY_PRODUCTION = true
# makefile (from `Makefile', line 1)
MAKEFILE_LIST :=  Makefile
# makefile (from `Makefile', line 4)
SRCS_PATH_2 = ./sources_part2
# makefile (from `Makefile', line 60)
OBJS = ${SRCS:.c=.o}
# makefile (from `Makefile', line 7)
OBJS_PATH = ./objects
# environment
VSCODE_CWD = /Users/srapopor/libft/libft
# environment
PATH = /usr/local/bin:/usr/bin:/bin:/usr/sbin:/sbin:/usr/local/munki:/Library/Apple/usr/bin
# makefile (from `Makefile', line 9)
SRCS_NAME_1 = ft_isalpha.c ft_isdigit.c ft_isalnum.c ft_isascii.c ft_isprint.c ft_strlen.c ft_toupper.c ft_tolower.c ft_strchr.c ft_strrchr.c ft_strncmp.c ft_strnstr.c ft_strlcpy.c ft_strlcat.c ft_memset.c ft_memcpy.c ft_memccpy.c ft_bzero.c ft_memmove.c ft_memchr.c ft_memcmp.c ft_atoi.c ft_strdup.c ft_calloc.c
# makefile (from `Makefile', line 5)
SRCS_PATH_BONUS = ./sources_bonus
# environment
ELECTRON_RUN_AS_NODE = 1
# default
.FEATURES := target-specific order-only second-expansion else-if archives jobserver check-symlink
# environment
SSH_AUTH_SOCK = /private/tmp/com.apple.launchd.ZNJofD1owe/Listeners
# automatic
%F = $(notdir $%)
# environment
PWD = /Users/srapopor/libft/libft
# makefile (from `Makefile', line 62)
OBJS_BONUS = ${SRCS_BONUS:.c=.o}
# environment
ORIGINAL_XDG_CURRENT_DESKTOP = undefined
# makefile (from `Makefile', line 34)
SRCS_NAME_2 = ft_substr.c ft_strjoin.c ft_strtrim.c ft_split.c ft_itoa.c ft_strmapi.c ft_striteri.c ft_putchar_fd.c ft_putstr_fd.c ft_putendl_fd.c ft_putnbr_fd.c
# environment
VSCODE_AMD_ENTRYPOINT = vs/workbench/api/node/extensionHostProcess
# environment
HOME = /Users/srapopor
# default
MAKEFILEPATH := /Applications/Xcode.app/Contents/Developer/Makefiles
# environment
VSCODE_CODE_CACHE_PATH = /Users/srapopor/Library/Application Support/Code/CachedData/b06ae3b2d2dbfe28bca3134cc6be65935cdfea6a
# environment
LOGNAME = srapopor
# environment
APPLICATION_INSIGHTS_NO_DIAGNOSTIC_CHANNEL = 1
# environment
VSCODE_HANDLES_UNCAUGHT_ERRORS = true
# automatic
^D = $(patsubst %/,%,$(dir $^))
# environment
XPC_FLAGS = 0x0
# environment
COLORTERM = truecolor
# default
MAKE = $(MAKE_COMMAND)
# environment
LC_TERMINAL = iTerm2
# makefile (from `Makefile', line 57)
SRCS = $(addprefix $(SRCS_PATH_1)/,$(SRCS_NAME_1)) $(addprefix $(SRCS_PATH_2)/,$(SRCS_NAME_2))
# environment
SHLVL = 2
# makefile (from `Makefile', line 69)
CC = GCC $(FLAG)
# makefile (from `Makefile', line 46)
SRCS_NAME_BONUS = ft_lstnew.c ft_lstadd_front.c ft_lstsize.c ft_lstlast.c ft_lstadd_back.c ft_lstdelone.c ft_lstclear.c ft_lstiter.c ft_lstmap.c
# default
MAKE_VERSION := 3.81
# environment
USER = srapopor
# makefile
.DEFAULT_GOAL := libft.a
# default
MAKECMDGOALS := all
# environment
TERM_SESSION_ID = w1t0p0:DD30CC1B-8867-4095-AAB2-B6065E15C699
# makefile (from `Makefile', line 1)
NAME = libft.a
# automatic
%D = $(patsubst %/,%,$(dir $%))
# default
MAKE_COMMAND := /Applications/Xcode.app/Contents/Developer/usr/bin/make
# makefile (from `Makefile', line 65)
HEADER_DIR = ./
# environment
TERM_PROGRAM = iTerm.app
# default
.VARIABLES := 
# environment
TMPDIR = /var/folders/zz/zyxvpxvq6csfxvn_n000ccr0003360/T/
# automatic
*F = $(notdir $*)
# environment
VSCODE_IPC_HOOK = /Users/srapopor/Library/Application Support/Code/1.69.1-main.sock
# environment
MallocNanoZone = 0
# makefile
MAKEFLAGS = Rrqp
# environment
MFLAGS = -Rrqp
# automatic
*D = $(patsubst %/,%,$(dir $*))
# environment
TERM_PROGRAM_VERSION = 3.4.16
# environment
XPC_SERVICE_NAME = com.microsoft.VSCode.2188.88961366-4424-409D-A971-EE487D8A9B81
# environment
LC_TERMINAL_VERSION = 3.4.16
# automatic
+D = $(patsubst %/,%,$(dir $+))
# automatic
+F = $(notdir $+)
# environment
ITERM_SESSION_ID = w1t0p0:DD30CC1B-8867-4095-AAB2-B6065E15C699
# makefile (from `Makefile', line 67)
FLAG = -Wall -Wextra -Werror -I$(HEADER_DIR)
# environment
COLORFGBG = 7;0
# environment
__CF_USER_TEXT_ENCODING = 0x18CC0:0x0:0x0
# default
MAKEFILES := 
# automatic
<F = $(notdir $<)
# environment
ITERM_PROFILE = Default
# environment
LC_ALL = C
# automatic
^F = $(notdir $^)
# default
SUFFIXES := 
# default
.INCLUDE_DIRS = /usr/local/include
# environment
MAKELEVEL := 0
# environment
LANG = C
# environment
TERM = xterm-256color
# environment
VSCODE_PID = 76974
# makefile (from `Makefile', line 3)
SRCS_PATH_1 = ./sources_part1
# variable set hash-table stats:
# Load=82/1024=8%, Rehash=0, Collisions=11/131=8%

# Pattern-specific Variable Values

# No pattern-specific variable values.

# Directories

# . (device 16777225, inode 559867): 12 files, no impossibilities.
# sources_part1 (device 16777225, inode 559948): 7 files, no impossibilities so far.

# 19 files, no impossibilities in 2 directories.

# Implicit Rules

%.o: %.c
#  commands to execute (from `Makefile', line 72):
	$(CC) -o $@ -c $<
	

# 1 implicit rules, 0 (0.0%) terminal.

# Files

# Not a target:
sources_bonus/ft_lstmap.o:
#  Implicit rule search has not been done.
#  Modification time never checked.
#  File has not been updated.

# Not a target:
sources_part1/ft_isalnum.o:
#  Implicit rule search has not been done.
#  Modification time never checked.
#  File has not been updated.

# Not a target:
sources_part2/ft_putnbr_fd.o:
#  Implicit rule search has not been done.
#  Modification time never checked.
#  File has not been updated.

# Not a target:
sources_part1/ft_strdup.o:
#  Implicit rule search has not been done.
#  Modification time never checked.
#  File has not been updated.

# Not a target:
sources_bonus/ft_lstadd_front.o:
#  Implicit rule search has not been done.
#  Modification time never checked.
#  File has not been updated.

# Not a target:
sources_part1/ft_memmove.o:
#  Implicit rule search has not been done.
#  Modification time never checked.
#  File has not been updated.

# Not a target:
sources_part2/ft_substr.o:
#  Implicit rule search has not been done.
#  Modification time never checked.
#  File has not been updated.

# Not a target:
sources_part1/ft_strchr.o:
#  Implicit rule search has not been done.
#  Modification time never checked.
#  File has not been updated.

# Not a target:
sources_bonus/ft_lstdelone.o:
#  Implicit rule search has not been done.
#  Modification time never checked.
#  File has not been updated.

all: libft.a
#  Phony target (prerequisite of .PHONY).
#  Command-line target.
#  Implicit rule search has not been done.
#  File does not exist.
#  File has been updated.
#  Needs to be updated (-q is set).
# variable set hash-table stats:
# Load=0/32=0%, Rehash=0, Collisions=0/5=0%

# Not a target:
sources_part1/ft_toupper.o:
#  Implicit rule search has not been done.
#  Modification time never checked.
#  File has not been updated.

.PHONY: all clean fclean re
#  Implicit rule search has not been done.
#  Modification time never checked.
#  File has not been updated.

# Not a target:
sources_part1/ft_strnstr.o:
#  Implicit rule search has not been done.
#  Modification time never checked.
#  File has not been updated.

# Not a target:
sources_part1/ft_memccpy.o:
#  Implicit rule search has not been done.
#  Modification time never checked.
#  File has not been updated.

# Not a target:
sources_part1/ft_isalpha.c:
#  Implicit rule search has been done.
#  Last modified 2022-10-10 10:47:51
#  File has been updated.
#  Successfully updated.
# variable set hash-table stats:
 
# Load=0/32=0%, Rehash=0, Collisions=0/0=0%

# Not a target:
sources_part1/ft_isascii.o:
#  Implicit rule search has not been done.
#  Modification time never checked.
#  File has not been updated.

# Not a target:
.SUFFIXES:
#  Implicit rule search has not been done.
#  Modification time never checked.
#  File has not been updated.

# Not a target:
Makefile:
#  Implicit rule search has been done.
#  Last modified 2022-10-10 10:47:51
#  File has been updated.
#  Successfully updated.
# variable set hash-table stats:
# Load=0/32=0%, Rehash=0, Collisions=0/0=0%

libft.a: sources_part1/ft_isalpha.o sources_part1/ft_isdigit.o sources_part1/ft_isalnum.o sources_part1/ft_isascii.o sources_part1/ft_isprint.o sources_part1/ft_strlen.o sources_part1/ft_toupper.o sources_part1/ft_tolower.o sources_part1/ft_strchr.o sources_part1/ft_strrchr.o sources_part1/ft_strncmp.o sources_part1/ft_strnstr.o sources_part1/ft_strlcpy.o sources_part1/ft_strlcat.o sources_part1/ft_memset.o sources_part1/ft_memcpy.o sources_part1/ft_memccpy.o sources_part1/ft_bzero.o sources_part1/ft_memmove.o sources_part1/ft_memchr.o sources_part1/ft_memcmp.o sources_part1/ft_atoi.o sources_part1/ft_strdup.o sources_part1/ft_calloc.o sources_part2/ft_substr.o sources_part2/ft_strjoin.o sources_part2/ft_strtrim.o sources_part2/ft_split.o sources_part2/ft_itoa.o sources_part2/ft_strmapi.o sources_part2/ft_striteri.o sources_part2/ft_putchar_fd.o sources_part2/ft_putstr_fd.o sources_part2/ft_putendl_fd.o sources_part2/ft_putnbr_fd.o
#  Implicit rule search has not been done.
#  File does not exist.
#  File has been updated.
#  Needs to be updated (-q is set).
# variable set hash-table stats:
# Load=0/32=0%, Rehash=0, Collisions=0/5=0%
#  commands to execute (from `Makefile', line 79):
	ar rcs $(NAME) $(OBJS)
	

# Not a target:
sources_bonus/ft_lstadd_back.o:
#  Implicit rule search has not been done.
#  Modification time never checked.
#  File has not been updated.

# Not a target:
sources_bonus/ft_lstiter.o:
#  Implicit rule search has not been done.
#  Modification time never checked.
#  File has not been updated.

# Not a target:
sources_part2/ft_putstr_fd.o:
#  Implicit rule search has not been done.
#  Modification time never checked.
#  File has not been updated.

# Not a target:
sources_part1/ft_atoi.o:
#  Implicit rule search has not been done.
#  Modification time never checked.
#  File has not been updated.

# Not a target:
sources_part1/ft_memcpy.o:
#  Implicit rule search has not been done.
#  Modification time never checked.
#  File has not been updated.

# Not a target:
sources_part1/ft_memcmp.o:
#  Implicit rule search has not been done.
#  Modification time never checked.
#  File has not been updated.

# Not a target:
sources_part1/ft_strlen.o:
#  Implicit rule search has not been done.
#  Modification time never checked.
#  File has not been updated.

# Not a target:
sources_part1/ft_isdigit.o:
#  Implicit rule search has not been done.
#  Modification time never checked.
#  File has not been updated.

# Not a target:
sources_part1/ft_memchr.o:
#  Implicit rule search has not been done.
#  Modification time never checked.
#  File has not been updated.

# Not a target:
sources_part2/ft_putchar_fd.o:
#  Implicit rule search has not been done.
#  Modification time never checked.
#  File has not been updated.

bonus: sources_part1/ft_isalpha.o sources_part1/ft_isdigit.o sources_part1/ft_isalnum.o sources_part1/ft_isascii.o sources_part1/ft_isprint.o sources_part1/ft_strlen.o sources_part1/ft_toupper.o sources_part1/ft_tolower.o sources_part1/ft_strchr.o sources_part1/ft_strrchr.o sources_part1/ft_strncmp.o sources_part1/ft_strnstr.o sources_part1/ft_strlcpy.o sources_part1/ft_strlcat.o sources_part1/ft_memset.o sources_part1/ft_memcpy.o sources_part1/ft_memccpy.o sources_part1/ft_bzero.o sources_part1/ft_memmove.o sources_part1/ft_memchr.o sources_part1/ft_memcmp.o sources_part1/ft_atoi.o sources_part1/ft_strdup.o sources_part1/ft_calloc.o sources_part2/ft_substr.o sources_part2/ft_strjoin.o sources_part2/ft_strtrim.o sources_part2/ft_split.o sources_part2/ft_itoa.o sources_part2/ft_strmapi.o sources_part2/ft_striteri.o sources_part2/ft_putchar_fd.o sources_part2/ft_putstr_fd.o sources_part2/ft_putendl_fd.o sources_part2/ft_putnbr_fd.o sources_bonus/ft_lstnew.o sources_bonus/ft_lstadd_front.o sources_bonus/ft_lstsize.o sources_bonus/ft_lstlast.o sources_bonus/ft_lstadd_back.o sources_bonus/ft_lstdelone.o sources_bonus/ft_lstclear.o sources_bonus/ft_lstiter.o sources_bonus/ft_lstmap.o
#  Implicit rule search has not been done.
#  Modification time never checked.
#  File has not been updated.
#  commands to execute (from `Makefile', line 82):
	ar rcs $(NAME) $(OBJS) $(OBJS_BONUS)
	

# Not a target:
sources_part1/ft_memset.o:
#  Implicit rule search has not been done.
#  Modification time never checked.
#  File has not been updated.

# Not a target:
sources_bonus/ft_lstlast.o:
#  Implicit rule search has not been done.
#  Modification time never checked.
#  File has not been updated.

fclean: clean
#  Phony target (prerequisite of .PHONY).
#  Implicit rule search has not been done.
#  File does not exist.
#  File has not been updated.
#  commands to execute (from `Makefile', line 89):
	rm -f ${NAME}
	

# Not a target:
sources_part2/ft_strtrim.o:
#  Implicit rule search has not been done.
#  Modification time never checked.
#  File has not been updated.

# Not a target:
sources_part1/ft_tolower.o:
#  Implicit rule search has not been done.
#  Modification time never checked.
#  File has not been updated.

# Not a target:
sources_part1/ft_strrchr.o:
#  Implicit rule search has not been done.
#  Modification time never checked.
#  File has not been updated.

# Not a target:
sources_part2/ft_putendl_fd.o:
#  Implicit rule search has not been done.
#  Modification time never checked.
#  File has not been updated.

# Not a target:
sources_part2/ft_strmapi.o:
#  Implicit rule search has not been done.
#  Modification time never checked.
#  File has not been updated.

# Not a target:
sources_part1/ft_strlcat.o:
#  Implicit rule search has not been done.
#  Modification time never checked.
#  File has not been updated.

# Not a target:
.DEFAULT:
#  Implicit rule search has not been done.
#  Modification time never checked.
#  File has not been updated.

# Not a target:
sources_part1/ft_bzero.o:
#  Implicit rule search has not been done.
#  Modification time never checked.
#  File has not been updated.

# Not a target:
sources_part2/ft_itoa.o:
#  Implicit rule search has not been done.
#  Modification time never checked.
#  File has not been updated.

# Not a target:
sources_part1/ft_isprint.o:
#  Implicit rule search has not been done.
#  Modification time never checked.
#  File has not been updated.

re: fclean all
#  Phony target (prerequisite of .PHONY).
#  Implicit rule search has not been done.
#  File does not exist.
#  File has not been updated.

clean:
#  Phony target (prerequisite of .PHONY).
#  Implicit rule search has not been done.
#  File does not exist.
#  File has not been updated.
#  commands to execute (from `Makefile', line 87):
	rm -f ${OBJS} $(OBJS_BONUS)
	

# Not a target:
sources_part2/ft_strjoin.o:
#  Implicit rule search has not been done.
#  Modification time never checked.
#  File has not been updated.

# Not a target:
sources_part2/ft_split.o:
#  Implicit rule search has not been done.
#  Modification time never checked.
#  File has not been updated.

# Not a target:
sources_bonus/ft_lstnew.o:
#  Implicit rule search has not been done.
#  Modification time never checked.
#  File has not been updated.

# Not a target:
sources_bonus/ft_lstclear.o:
#  Implicit rule search has not been done.
#  Modification time never checked.
#  File has not been updated.

# Not a target:
sources_part1/ft_calloc.o:
#  Implicit rule search has not been done.
#  Modification time never checked.
#  File has not been updated.

sources_part1/ft_isalpha.o: sources_part1/ft_isalpha.c
#  Implicit rule search has been done.
#  Implicit/static pattern stem: `sources_part1/ft_isalpha'
#  File does not exist.
#  File has been updated.
#  Needs to be updated (-q is set).
# automatic
 
# @ := sources_part1/ft_isalpha.o
# automatic
# % := 
# automatic
# * := sources_part1/ft_isalpha
# automatic
# + := sources_part1/ft_isalpha.c
# automatic
# | := 
# automatic
# < := sources_part1/ft_isalpha.c
# automatic
# ^ := sources_part1/ft_isalpha.c
# automatic
# ? := sources_part1/ft_isalpha.c
# variable set hash-table stats:
# Load=8/32=25%, Rehash=0, Collisions=3/15=20%
#  commands to execute (from `Makefile', line 72):
	$(CC) -o $@ -c $<
	

# Not a target:
sources_part2/ft_striteri.o:
#  Implicit rule search has not been done.
#  Modification time never checked.
#  File has not been updated.

# Not a target:
sources_bonus/ft_lstsize.o:
#  Implicit rule search has not been done.
#  Modification time never checked.
#  File has not been updated.

# Not a target:
sources_part1/ft_strlcpy.o:
#  Implicit rule search has not been done.
#  Modification time never checked.
#  File has not been updated.

# Not a target:
sources_part1/ft_strncmp.o:
#  Implicit rule search has not been done.
#  Modification time never checked.
#  File has not been updated.

# files hash-table stats:
# Load=55/1024=5%, Rehash=0, Collisions=9/158=6%
# VPATH Search Paths

# No `vpath' search paths.

# No general (`VPATH' variable) search path.

# # of strings in strcache: 1
# # of strcache buffers: 1
# strcache size: total = 4096 / max = 4096 / min = 4096 / avg = 4096
# strcache free: total = 4087 / max = 4087 / min = 4087 / avg = 4087

# Finished Make data base on Mon Oct 10 11:17:25 2022

 
